# JRE version: Java(TM) SE Runtime Environment (24.0.1+9) (build 24.0.1+9-30)
# Java VM: Java HotSpot(TM) 64-Bit Server VM (24.0.1+9-30, mixed mode, sharing, tiered, compressed oops, compressed class ptrs, parallel gc, windows-amd64)
GC Precious Log:
 CardTable entry size: 512
 CPUs: 12 total, 12 available
 Memory: 7893M
 Large Page Support: Disabled
 NUMA Support: Disabled
 Compressed Oops: Enabled (32-bit)
 Alignments: Space 512K, Generation 512K, Heap 2M
 Heap Min Capacity: 100M
 Heap Initial Capacity: 100M
 Heap Max Capacity: 1G
 Pre-touch: Disabled
 Parallel Workers: 10
Heap:
 PSYoungGen      total 30720K, used 13217K [0x00000000eab00000, 0x00000000ecc80000, 0x0000000100000000)
  eden space 29184K, 40% used [0x00000000eab00000,0x00000000eb6706c0,0x00000000ec780000)
  from space 1536K, 97% used [0x00000000eca80000,0x00000000ecbf8040,0x00000000ecc00000)
  to   space 2560K, 0% used [0x00000000ec780000,0x00000000ec780000,0x00000000eca00000)
 ParOldGen       total 389120K, used 389062K [0x00000000c0000000, 0x00000000d7c00000, 0x00000000eab00000)
  object space 389120K, 99% used [0x00000000c0000000,0x00000000d7bf1a20,0x00000000d7c00000)
 Metaspace       used 67336K, committed 68736K, reserved 1114112K
  class space    used 6076K, committed 6656K, reserved 1048576K
GC Heap History (20 events):
Event: 21.953 GC heap before
{Heap before GC invocations=92 (full 3):
 PSYoungGen      total 37376K, used 36892K [0x00000000eab00000, 0x00000000ee600000, 0x0000000100000000)
  eden space 18432K, 100% used [0x00000000eab00000,0x00000000ebd00000,0x00000000ebd00000)
  from space 18944K, 97% used [0x00000000ed380000,0x00000000ee587268,0x00000000ee600000)
  to   space 19456K, 0% used [0x00000000ec000000,0x00000000ec000000,0x00000000ed300000)
 ParOldGen       total 335872K, used 335540K [0x00000000c0000000, 0x00000000d4800000, 0x00000000eab00000)
  object space 335872K, 99% used [0x00000000c0000000,0x00000000d47ad208,0x00000000d4800000)
 Metaspace       used 61390K, committed 62720K, reserved 1114112K
  class space    used 5477K, committed 6016K, reserved 1048576K
}
Event: 21.972 GC heap after
{Heap after GC invocations=92 (full 3):
 PSYoungGen      total 35840K, used 16940K [0x00000000eab00000, 0x00000000ee000000, 0x0000000100000000)
  eden space 18432K, 0% used [0x00000000eab00000,0x00000000eab00000,0x00000000ebd00000)
  from space 17408K, 97% used [0x00000000ec000000,0x00000000ed08b080,0x00000000ed100000)
  to   space 15360K, 0% used [0x00000000ed100000,0x00000000ed100000,0x00000000ee000000)
 ParOldGen       total 352256K, used 352135K [0x00000000c0000000, 0x00000000d5800000, 0x00000000eab00000)
  object space 352256K, 99% used [0x00000000c0000000,0x00000000d57e1d28,0x00000000d5800000)
 Metaspace       used 61390K, committed 62720K, reserved 1114112K
  class space    used 5477K, committed 6016K, reserved 1048576K
}
Event: 22.633 GC heap before
{Heap before GC invocations=93 (full 3):
 PSYoungGen      total 35840K, used 35372K [0x00000000eab00000, 0x00000000ee000000, 0x0000000100000000)
  eden space 18432K, 100% used [0x00000000eab00000,0x00000000ebd00000,0x00000000ebd00000)
  from space 17408K, 97% used [0x00000000ec000000,0x00000000ed08b080,0x00000000ed100000)
  to   space 15360K, 0% used [0x00000000ed100000,0x00000000ed100000,0x00000000ee000000)
 ParOldGen       total 352256K, used 352135K [0x00000000c0000000, 0x00000000d5800000, 0x00000000eab00000)
  object space 352256K, 99% used [0x00000000c0000000,0x00000000d57e1d28,0x00000000d5800000)
 Metaspace       used 61398K, committed 62720K, reserved 1114112K
  class space    used 5478K, committed 6016K, reserved 1048576K
}
Event: 22.648 GC heap after
{Heap after GC invocations=93 (full 3):
 PSYoungGen      total 25600K, used 6713K [0x00000000eab00000, 0x00000000ed800000, 0x0000000100000000)
  eden space 18432K, 0% used [0x00000000eab00000,0x00000000eab00000,0x00000000ebd00000)
  from space 7168K, 93% used [0x00000000ed100000,0x00000000ed78e538,0x00000000ed800000)
  to   space 10752K, 0% used [0x00000000ec300000,0x00000000ec300000,0x00000000ecd80000)
 ParOldGen       total 367616K, used 367122K [0x00000000c0000000, 0x00000000d6700000, 0x00000000eab00000)
  object space 367616K, 99% used [0x00000000c0000000,0x00000000d6684960,0x00000000d6700000)
 Metaspace       used 61398K, committed 62720K, reserved 1114112K
  class space    used 5478K, committed 6016K, reserved 1048576K
}
Event: 22.703 GC heap before
{Heap before GC invocations=94 (full 3):
 PSYoungGen      total 25600K, used 25145K [0x00000000eab00000, 0x00000000ed800000, 0x0000000100000000)
  eden space 18432K, 100% used [0x00000000eab00000,0x00000000ebd00000,0x00000000ebd00000)
  from space 7168K, 93% used [0x00000000ed100000,0x00000000ed78e538,0x00000000ed800000)
  to   space 10752K, 0% used [0x00000000ec300000,0x00000000ec300000,0x00000000ecd80000)
 ParOldGen       total 367616K, used 367122K [0x00000000c0000000, 0x00000000d6700000, 0x00000000eab00000)
  object space 367616K, 99% used [0x00000000c0000000,0x00000000d6684960,0x00000000d6700000)
 Metaspace       used 61398K, committed 62720K, reserved 1114112K
  class space    used 5478K, committed 6016K, reserved 1048576K
}
Event: 22.709 GC heap after
{Heap after GC invocations=94 (full 3):
 PSYoungGen      total 27136K, used 2456K [0x00000000eab00000, 0x00000000ed180000, 0x0000000100000000)
  eden space 24576K, 0% used [0x00000000eab00000,0x00000000eab00000,0x00000000ec300000)
  from space 2560K, 95% used [0x00000000ec300000,0x00000000ec566008,0x00000000ec580000)
  to   space 5120K, 0% used [0x00000000ecc80000,0x00000000ecc80000,0x00000000ed180000)
 ParOldGen       total 373760K, used 373556K [0x00000000c0000000, 0x00000000d6d00000, 0x00000000eab00000)
  object space 373760K, 99% used [0x00000000c0000000,0x00000000d6ccd360,0x00000000d6d00000)
 Metaspace       used 61398K, committed 62720K, reserved 1114112K
  class space    used 5478K, committed 6016K, reserved 1048576K
}
Event: 22.772 GC heap before
{Heap before GC invocations=95 (full 3):
 PSYoungGen      total 27136K, used 27032K [0x00000000eab00000, 0x00000000ed180000, 0x0000000100000000)
  eden space 24576K, 100% used [0x00000000eab00000,0x00000000ec300000,0x00000000ec300000)
  from space 2560K, 95% used [0x00000000ec300000,0x00000000ec566008,0x00000000ec580000)
  to   space 5120K, 0% used [0x00000000ecc80000,0x00000000ecc80000,0x00000000ed180000)
 ParOldGen       total 373760K, used 373556K [0x00000000c0000000, 0x00000000d6d00000, 0x00000000eab00000)
  object space 373760K, 99% used [0x00000000c0000000,0x00000000d6ccd360,0x00000000d6d00000)
 Metaspace       used 61398K, committed 62720K, reserved 1114112K
  class space    used 5478K, committed 6016K, reserved 1048576K
}
Event: 22.776 GC heap after
{Heap after GC invocations=95 (full 3):
 PSYoungGen      total 34304K, used 2784K [0x00000000eab00000, 0x00000000ecf80000, 0x0000000100000000)
  eden space 31232K, 0% used [0x00000000eab00000,0x00000000eab00000,0x00000000ec980000)
  from space 3072K, 90% used [0x00000000ecc80000,0x00000000ecf38000,0x00000000ecf80000)
  to   space 3072K, 0% used [0x00000000ec980000,0x00000000ec980000,0x00000000ecc80000)
 ParOldGen       total 375808K, used 375777K [0x00000000c0000000, 0x00000000d6f00000, 0x00000000eab00000)
  object space 375808K, 99% used [0x00000000c0000000,0x00000000d6ef8570,0x00000000d6f00000)
 Metaspace       used 61398K, committed 62720K, reserved 1114112K
  class space    used 5478K, committed 6016K, reserved 1048576K
}
Event: 22.906 GC heap before
{Heap before GC invocations=96 (full 3):
 PSYoungGen      total 34304K, used 34016K [0x00000000eab00000, 0x00000000ecf80000, 0x0000000100000000)
  eden space 31232K, 100% used [0x00000000eab00000,0x00000000ec980000,0x00000000ec980000)
  from space 3072K, 90% used [0x00000000ecc80000,0x00000000ecf38000,0x00000000ecf80000)
  to   space 3072K, 0% used [0x00000000ec980000,0x00000000ec980000,0x00000000ecc80000)
 ParOldGen       total 375808K, used 375777K [0x00000000c0000000, 0x00000000d6f00000, 0x00000000eab00000)
  object space 375808K, 99% used [0x00000000c0000000,0x00000000d6ef8570,0x00000000d6f00000)
 Metaspace       used 61415K, committed 62720K, reserved 1114112K
  class space    used 5480K, committed 6016K, reserved 1048576K
}
Event: 22.911 GC heap after
{Heap after GC invocations=96 (full 3):
 PSYoungGen      total 33792K, used 3046K [0x00000000eab00000, 0x00000000ed600000, 0x0000000100000000)
  eden space 30720K, 0% used [0x00000000eab00000,0x00000000eab00000,0x00000000ec900000)
  from space 3072K, 99% used [0x00000000ec980000,0x00000000ecc79a60,0x00000000ecc80000)
  to   space 6656K, 0% used [0x00000000ecf80000,0x00000000ecf80000,0x00000000ed600000)
 ParOldGen       total 378880K, used 378718K [0x00000000c0000000, 0x00000000d7200000, 0x00000000eab00000)
  object space 378880K, 99% used [0x00000000c0000000,0x00000000d71d7b80,0x00000000d7200000)
 Metaspace       used 61415K, committed 62720K, reserved 1114112K
  class space    used 5480K, committed 6016K, reserved 1048576K
}
Event: 23.059 GC heap before
{Heap before GC invocations=97 (full 3):
 PSYoungGen      total 33792K, used 33766K [0x00000000eab00000, 0x00000000ed600000, 0x0000000100000000)
  eden space 30720K, 100% used [0x00000000eab00000,0x00000000ec900000,0x00000000ec900000)
  from space 3072K, 99% used [0x00000000ec980000,0x00000000ecc79a60,0x00000000ecc80000)
  to   space 6656K, 0% used [0x00000000ecf80000,0x00000000ecf80000,0x00000000ed600000)
 ParOldGen       total 378880K, used 378718K [0x00000000c0000000, 0x00000000d7200000, 0x00000000eab00000)
  object space 378880K, 99% used [0x00000000c0000000,0x00000000d71d7b80,0x00000000d7200000)
 Metaspace       used 61602K, committed 62976K, reserved 1114112K
  class space    used 5507K, committed 6080K, reserved 1048576K
}
Event: 23.066 GC heap after
{Heap after GC invocations=97 (full 3):
 PSYoungGen      total 32768K, used 6629K [0x00000000eab00000, 0x00000000ede80000, 0x0000000100000000)
  eden space 26112K, 0% used [0x00000000eab00000,0x00000000eab00000,0x00000000ec480000)
  from space 6656K, 99% used [0x00000000ecf80000,0x00000000ed5f96a0,0x00000000ed600000)
  to   space 11264K, 0% used [0x00000000ec480000,0x00000000ec480000,0x00000000ecf80000)
 ParOldGen       total 382464K, used 382222K [0x00000000c0000000, 0x00000000d7580000, 0x00000000eab00000)
  object space 382464K, 99% used [0x00000000c0000000,0x00000000d7543b80,0x00000000d7580000)
 Metaspace       used 61602K, committed 62976K, reserved 1114112K
  class space    used 5507K, committed 6080K, reserved 1048576K
}
Event: 23.463 GC heap before
{Heap before GC invocations=98 (full 3):
 PSYoungGen      total 32768K, used 32693K [0x00000000eab00000, 0x00000000ede80000, 0x0000000100000000)
  eden space 26112K, 99% used [0x00000000eab00000,0x00000000ec474140,0x00000000ec480000)
  from space 6656K, 99% used [0x00000000ecf80000,0x00000000ed5f96a0,0x00000000ed600000)
  to   space 11264K, 0% used [0x00000000ec480000,0x00000000ec480000,0x00000000ecf80000)
 ParOldGen       total 382464K, used 382222K [0x00000000c0000000, 0x00000000d7580000, 0x00000000eab00000)
  object space 382464K, 99% used [0x00000000c0000000,0x00000000d7543b80,0x00000000d7580000)
 Metaspace       used 63156K, committed 64512K, reserved 1114112K
  class space    used 5655K, committed 6208K, reserved 1048576K
}
Event: 23.470 GC heap after
{Heap after GC invocations=98 (full 3):
 PSYoungGen      total 27648K, used 1973K [0x00000000eab00000, 0x00000000ed000000, 0x0000000100000000)
  eden space 25600K, 0% used [0x00000000eab00000,0x00000000eab00000,0x00000000ec400000)
  from space 2048K, 96% used [0x00000000ec480000,0x00000000ec66d498,0x00000000ec680000)
  to   space 5120K, 0% used [0x00000000ecb00000,0x00000000ecb00000,0x00000000ed000000)
 ParOldGen       total 386560K, used 386263K [0x00000000c0000000, 0x00000000d7980000, 0x00000000eab00000)
  object space 386560K, 99% used [0x00000000c0000000,0x00000000d7935cc0,0x00000000d7980000)
 Metaspace       used 63156K, committed 64512K, reserved 1114112K
  class space    used 5655K, committed 6208K, reserved 1048576K
}
Event: 31.866 GC heap before
{Heap before GC invocations=99 (full 3):
 PSYoungGen      total 27648K, used 27573K [0x00000000eab00000, 0x00000000ed000000, 0x0000000100000000)
  eden space 25600K, 100% used [0x00000000eab00000,0x00000000ec400000,0x00000000ec400000)
  from space 2048K, 96% used [0x00000000ec480000,0x00000000ec66d498,0x00000000ec680000)
  to   space 5120K, 0% used [0x00000000ecb00000,0x00000000ecb00000,0x00000000ed000000)
 ParOldGen       total 386560K, used 386263K [0x00000000c0000000, 0x00000000d7980000, 0x00000000eab00000)
  object space 386560K, 99% used [0x00000000c0000000,0x00000000d7935cc0,0x00000000d7980000)
 Metaspace       used 64685K, committed 65984K, reserved 1114112K
  class space    used 5795K, committed 6336K, reserved 1048576K
}
Event: 31.869 GC heap after
{Heap after GC invocations=99 (full 3):
 PSYoungGen      total 30720K, used 768K [0x00000000eab00000, 0x00000000ecc00000, 0x0000000100000000)
  eden space 29696K, 0% used [0x00000000eab00000,0x00000000eab00000,0x00000000ec800000)
  from space 1024K, 75% used [0x00000000ecb00000,0x00000000ecbc0000,0x00000000ecc00000)
  to   space 2048K, 0% used [0x00000000ec800000,0x00000000ec800000,0x00000000eca00000)
 ParOldGen       total 388096K, used 387890K [0x00000000c0000000, 0x00000000d7b00000, 0x00000000eab00000)
  object space 388096K, 99% used [0x00000000c0000000,0x00000000d7acc9f0,0x00000000d7b00000)
 Metaspace       used 64685K, committed 65984K, reserved 1114112K
  class space    used 5795K, committed 6336K, reserved 1048576K
}
Event: 36895.326 GC heap before
{Heap before GC invocations=100 (full 3):
 PSYoungGen      total 30720K, used 30464K [0x00000000eab00000, 0x00000000ecc00000, 0x0000000100000000)
  eden space 29696K, 100% used [0x00000000eab00000,0x00000000ec800000,0x00000000ec800000)
  from space 1024K, 75% used [0x00000000ecb00000,0x00000000ecbc0000,0x00000000ecc00000)
  to   space 2048K, 0% used [0x00000000ec800000,0x00000000ec800000,0x00000000eca00000)
 ParOldGen       total 388096K, used 387890K [0x00000000c0000000, 0x00000000d7b00000, 0x00000000eab00000)
  object space 388096K, 99% used [0x00000000c0000000,0x00000000d7acc9f0,0x00000000d7b00000)
 Metaspace       used 66259K, committed 67648K, reserved 1114112K
  class space    used 5963K, committed 6592K, reserved 1048576K
}
Event: 36895.612 GC heap after
{Heap after GC invocations=100 (full 3):
 PSYoungGen      total 31744K, used 1248K [0x00000000eab00000, 0x00000000ecc00000, 0x0000000100000000)
  eden space 29696K, 0% used [0x00000000eab00000,0x00000000eab00000,0x00000000ec800000)
  from space 2048K, 60% used [0x00000000ec800000,0x00000000ec938020,0x00000000eca00000)
  to   space 1536K, 0% used [0x00000000eca80000,0x00000000eca80000,0x00000000ecc00000)
 ParOldGen       total 388608K, used 388462K [0x00000000c0000000, 0x00000000d7b80000, 0x00000000eab00000)
  object space 388608K, 99% used [0x00000000c0000000,0x00000000d7b5ba10,0x00000000d7b80000)
 Metaspace       used 66259K, committed 67648K, reserved 1114112K
  class space    used 5963K, committed 6592K, reserved 1048576K
}
Event: 37687.357 GC heap before
{Heap before GC invocations=101 (full 3):
 PSYoungGen      total 31744K, used 30944K [0x00000000eab00000, 0x00000000ecc00000, 0x0000000100000000)
  eden space 29696K, 100% used [0x00000000eab00000,0x00000000ec800000,0x00000000ec800000)
  from space 2048K, 60% used [0x00000000ec800000,0x00000000ec938020,0x00000000eca00000)
  to   space 1536K, 0% used [0x00000000eca80000,0x00000000eca80000,0x00000000ecc00000)
 ParOldGen       total 388608K, used 388462K [0x00000000c0000000, 0x00000000d7b80000, 0x00000000eab00000)
  object space 388608K, 99% used [0x00000000c0000000,0x00000000d7b5ba10,0x00000000d7b80000)
 Metaspace       used 67086K, committed 68480K, reserved 1114112K
  class space    used 6062K, committed 6656K, reserved 1048576K
}
Event: 37687.403 GC heap after
{Heap after GC invocations=101 (full 3):
 PSYoungGen      total 30720K, used 1504K [0x00000000eab00000, 0x00000000ecc80000, 0x0000000100000000)
  eden space 29184K, 0% used [0x00000000eab00000,0x00000000eab00000,0x00000000ec780000)
  from space 1536K, 97% used [0x00000000eca80000,0x00000000ecbf8040,0x00000000ecc00000)
  to   space 2560K, 0% used [0x00000000ec780000,0x00000000ec780000,0x00000000eca00000)
 ParOldGen       total 389120K, used 389062K [0x00000000c0000000, 0x00000000d7c00000, 0x00000000eab00000)
  object space 389120K, 99% used [0x00000000c0000000,0x00000000d7bf1a20,0x00000000d7c00000)
 Metaspace       used 67086K, committed 68480K, reserved 1114112K
  class space    used 6062K, committed 6656K, reserved 1048576K
}

